
2026-01-25 21:38:57,456 - MANDATE STATUS: 896153 | RESPONSE: {
    'MandateDetails': {
        'MandateDetails': []
    },
    'Message': 'FAILED: ACCESS TOKEN EXPIRED',
    'Status': '101'
}
2026-01-25 21:39:01,758 - MANDATE STATUS: 896153 | RESPONSE: {
    'MandateDetails': {
        'MandateDetails': []
    },
    'Message': 'FAILED: ACCESS TOKEN EXPIRED',
    'Status': '101'
}
2026-01-27 10:22:51,892 - MANDATE STATUS: 896153 | RESPONSE: {
    'MandateDetails': {
        'MandateDetails': []
    },
    'Message': 'FAILED: ACCESS TOKEN EXPIRED',
    'Status': '101'
}
2026-01-27 11:55:46,292 - API: https://bsestarmfdemo.bseindia.com/BSEMFWEBAPI/UCCAPI/UCCRegistrationV183 | REGN TYPE: NEW | REQUEST BODY: {'UserId': '2463702', 'MemberCode': '24637', 'Password': '********', 'RegnType': 'NEW', 'Param': 'DKIPP1267D|PATEL||KHUSHBUBEN|01|F|15/07/1992|02|SI|||||||||||||N||||DKIPP1267D||||||||P||||||||SB|50100461805109||HDFC0000384|Y|||||||||||||||||||||PATEL KHUSHBUBEN|04|B-404 , RAJDEEP HEIGHTS,|NEAR KRISHNA NAGAR - 1,||VADODARA|GU|390019|India|||||khushbusonvane16@gmail.com|M||||||||||||7622021529|K||||||||||||||P|||SE|SE||||||||||Y|O|RAJENDRABHAI SONVANE|06|100|N||||1|BLSPR1234K|khushbusonvane16@gmail.com|7622021529|B-404 , Rajdeep heights,|||Vadodara|390019|India|||||||||||||||||||||||||||||||||||N||||||||', 'Filler1': '', 'Filler2': ''}
2026-01-27 11:56:07,370 - API Error: HTTPSConnectionPool(host='bsestarmfdemo.bseindia.com', port=443): Max retries exceeded with url: /BSEMFWEBAPI/UCCAPI/UCCRegistrationV183 (Caused by ConnectTimeoutError(<HTTPSConnection(host='bsestarmfdemo.bseindia.com', port=443) at 0x282988338f0>, 'Connection to bsestarmfdemo.bseindia.com timed out. (connect timeout=None)'))
2026-01-27 11:56:43,370 - API: https://bsestarmfdemo.bseindia.com/BSEMFWEBAPI/UCCAPI/UCCRegistrationV183 | REGN TYPE: NEW | REQUEST BODY: {'UserId': '2463702', 'MemberCode': '24637', 'Password': '********', 'RegnType': 'NEW', 'Param': 'DKIPP1267D|PATEL||KHUSHBUBEN|01|F|15/07/1992|02|SI|||||||||||||N||||DKIPP1267D||||||||P||||||||SB|50100461805109||HDFC0000384|Y|||||||||||||||||||||PATEL KHUSHBUBEN|04|B-404 , RAJDEEP HEIGHTS,|NEAR KRISHNA NAGAR - 1,||VADODARA|GU|390019|India|||||khushbusonvane16@gmail.com|M||||||||||||7622021529|K||||||||||||||P|||SE|SE||||||||||Y|O|RAJENDRABHAI SONVANE|06|100|N||||1|BLSPR1234K|khushbusonvane16@gmail.com|7622021529|B-404 , Rajdeep heights,|||Vadodara|390019|India|||||||||||||||||||||||||||||||||||N||||||||', 'Filler1': '', 'Filler2': ''}
2026-01-27 11:57:04,448 - API Error: HTTPSConnectionPool(host='bsestarmfdemo.bseindia.com', port=443): Max retries exceeded with url: /BSEMFWEBAPI/UCCAPI/UCCRegistrationV183 (Caused by ConnectTimeoutError(<HTTPSConnection(host='bsestarmfdemo.bseindia.com', port=443) at 0x28298920680>, 'Connection to bsestarmfdemo.bseindia.com timed out. (connect timeout=None)'))
2026-01-27 11:59:04,196 - API: https://bsestarmfdemo.bseindia.com/BSEMFWEBAPI/UCCAPI/UCCRegistrationV183 | REGN TYPE: NEW | REQUEST BODY: {'UserId': '2463702', 'MemberCode': '24637', 'Password': '********', 'RegnType': 'NEW', 'Param': 'DKIPP1267D|PATEL||KHUSHBUBEN|01|F|15/07/1992|02|SI|||||||||||||N||||DKIPP1267D||||||||P||||||||SB|50100461805109||HDFC0000384|Y|||||||||||||||||||||PATEL KHUSHBUBEN|04|B-404 , RAJDEEP HEIGHTS,|NEAR KRISHNA NAGAR - 1,||VADODARA|GU|390019|India|||||khushbusonvane16@gmail.com|M||||||||||||7622021529|K||||||||||||||P|||SE|SE||||||||||Y|O|RAJENDRABHAI SONVANE|06|100|N||||1|BLSPR1234K|khushbusonvane16@gmail.com|7622021529|B-404 , Rajdeep heights,|||Vadodara|390019|India|||||||||||||||||||||||||||||||||||N||||||||', 'Filler1': '', 'Filler2': ''}
2026-01-27 11:59:25,241 - API Error: HTTPSConnectionPool(host='bsestarmfdemo.bseindia.com', port=443): Max retries exceeded with url: /BSEMFWEBAPI/UCCAPI/UCCRegistrationV183 (Caused by ConnectTimeoutError(<HTTPSConnection(host='bsestarmfdemo.bseindia.com', port=443) at 0x1f864425d60>, 'Connection to bsestarmfdemo.bseindia.com timed out. (connect timeout=None)'))
2026-01-27 12:00:14,908 - API: https://bsestarmfdemo.bseindia.com/BSEMFWEBAPI/UCCAPI/UCCRegistrationV183 | REGN TYPE: NEW | REQUEST BODY: {'UserId': '2463702', 'MemberCode': '24637', 'Password': '********', 'RegnType': 'NEW', 'Param': 'DKIPP1267D|PATEL||KHUSHBUBEN|01|F|15/07/1992|02|SI|||||||||||||N||||DKIPP1267D||||||||P||||||||SB|50100461805109||HDFC0000384|Y|||||||||||||||||||||PATEL KHUSHBUBEN|04|B-404 , RAJDEEP HEIGHTS,|NEAR KRISHNA NAGAR - 1,||VADODARA|GU|390019|India|||||khushbusonvane16@gmail.com|M||||||||||||7622021529|K||||||||||||||P|||SE|SE||||||||||Y|O|RAJENDRABHAI SONVANE|06|100|N||||1|BLSPR1234K|khushbusonvane16@gmail.com|7622021529|B-404 , Rajdeep heights,|||Vadodara|390019|India|||||||||||||||||||||||||||||||||||N||||||||', 'Filler1': '', 'Filler2': ''}
2026-01-27 12:00:35,951 - API Error: HTTPSConnectionPool(host='bsestarmfdemo.bseindia.com', port=443): Max retries exceeded with url: /BSEMFWEBAPI/UCCAPI/UCCRegistrationV183 (Caused by ConnectTimeoutError(<HTTPSConnection(host='bsestarmfdemo.bseindia.com', port=443) at 0x1eba2f75d30>, 'Connection to bsestarmfdemo.bseindia.com timed out. (connect timeout=None)'))
2026-01-27 20:37:58,215 - MANDATE STATUS: 8209299 | RESPONSE: {
    'MandateDetails': {
        'MandateDetails': []
    },
    'Message': 'FAILED: INVALID CLIENT CODE FOR GIVEN MEMBER CODE',
    'Status': '101'
}
2026-01-27 20:38:30,617 - API: https://bsestarmfdemo.bseindia.com/BSEMFWEBAPI/UCCAPI/UCCRegistrationV183 | REGN TYPE: MOD | REQUEST BODY: {'UserId': '2463702', 'MemberCode': '24637', 'Password': '********', 'RegnType': 'MOD', 'Param': 'AAACN6682J|NAVINCHANDRA|SECURITIES PRIVATE|LIMITED|04|F|13/05/1994|01|SI|||||||||||||N||||AAACN6682J||||||||P||||||||CB|201002568134||INDB0000857|Y|||||||||||||||||||||NAVINCHANDRA SECURITIES PRIVATE LIMITED|04|FF 130,131, SAMANVAY SAPTARSHI,|NEAR MONALISA, MANJALPUR,||VADODARA|GU|390011|INDIA|||||trishala.indiref@gmail.com|M||||||||||||8347863688|K||||||||||||||P|||SE|SE||||||||||Y|W||||||||||||||||||||||||||||||||||||||||||||||||||||N||||||||', 'Filler1': '', 'Filler2': ''}
2026-01-27 20:38:30,735 - API: https://bsestarmfdemo.bseindia.com/BSEMFWEBAPI/UCCAPI/UCCRegistrationV183 | RESPONSE: {"Status":"101","Remarks":" Nominee 1 name is mandatory","Filler1":"","Filler2":""}
2026-01-27 20:49:00,586 - MANDATE STATUS: 2592556 | RESPONSE: {
    'MandateDetails': {
        'MandateDetails': []
    },
    'Message': 'FAILED: INVALID CLIENT CODE FOR GIVEN MEMBER CODE',
    'Status': '101'
}
2026-01-27 20:49:20,885 - API: https://bsestarmfdemo.bseindia.com/StarMFWebService/StarMFWebService.svc/EMandateAuthURL | REQUEST BODY: {'MemberCode': '24637', 'Password': '********', 'ClientCode': 'APDPR7516Q', 'UserId': '2463702', 'MandateID': '2592556', 'LoopBackUrl': 'http://127.0.0.1:8000/users/investor/5/'}
2026-01-27 20:49:21,097 - API: https://bsestarmfdemo.bseindia.com/StarMFWebService/StarMFWebService.svc/EMandateAuthURL | RESPONSE: {"Filler":null,"ResponseString":"FAILED: INVALID MANDATE ID","Status":"101"}
2026-01-27 20:49:21,233 - MANDATE STATUS: 2592556 | RESPONSE: {
    'MandateDetails': {
        'MandateDetails': []
    },
    'Message': 'FAILED: INVALID CLIENT CODE FOR GIVEN MEMBER CODE',
    'Status': '101'
}
2026-01-28 01:30:28,005 - MANDATE STATUS: 896153 | RESPONSE: {
    'MandateDetails': {
        'MandateDetails': []
    },
    'Message': 'FAILED: ACCESS TOKEN EXPIRED',
    'Status': '101'
}
2026-01-28 11:01:32,605 - PAN CHECK: EEFPP8024C | RESPONSE: {
    'BSERemarks': 'FAILED: INVALID ACCOUNT INFORMATION',
    'PAN': None,
    'Status': '101',
    'imageResponseStatus': {
        'BSELMNDP_MFD': None,
        'BSELMNDR_RFD': None,
        'BSENONDP_MFI': None,
        'BSENONDR_RFI': None
    },
    'imageUploadStatus': {
        'BSELMNDP_MFD': None,
        'BSELMNDR_RFD': None,
        'BSENONDP_MFI': None,
        'BSENONDR_RFI': None
    }
}
2026-01-28 11:01:55,643 - PAN CHECK: MNEPS6398L | RESPONSE: {
    'BSERemarks': 'FAILED: INVALID ACCOUNT INFORMATION',
    'PAN': None,
    'Status': '101',
    'imageResponseStatus': {
        'BSELMNDP_MFD': None,
        'BSELMNDR_RFD': None,
        'BSENONDP_MFI': None,
        'BSENONDR_RFI': None
    },
    'imageUploadStatus': {
        'BSELMNDP_MFD': None,
        'BSELMNDR_RFD': None,
        'BSENONDP_MFI': None,
        'BSENONDR_RFI': None
    }
}
2026-01-28 12:45:31,083 - API: https://bsestarmfdemo.bseindia.com/BSEMFWEBAPI/UCCAPI/UCCRegistrationV183 | REGN TYPE: NEW | REQUEST BODY: {'UserId': '2463702', 'MemberCode': '24637', 'Password': '********', 'RegnType': 'NEW', 'Param': 'EEFPP1456C|Nidhi||Patel|01|F|14/01/1998|02|SI|||||||||||||N||||EEFPP1456C||||||||P||||||||SB|42134987213||SBIN0016052|Y|||||||||||||||||||||Nidhi Patel|04|28, Dattatrey Society, Opp: Nalanda Scho|Bhuravav||GODHRA|GU|389002|INdia|||||milind.patel1620@gmail.com|M||||||||||||8347863688|K||||||||||||||P|||SE|SE||||||||||Y|O|Nidhee Patel|20|100|N||||1|EEPLL8024C|nidheepatel1620@gmail.com|9265106217|28 Dattatrey|||godhra|389200|India|||||||||||||||||||||||||||||||||||N||||||||', 'Filler1': '', 'Filler2': ''}
2026-01-28 12:45:40,338 - API: https://bsestarmfdemo.bseindia.com/BSEMFWEBAPI/UCCAPI/UCCRegistrationV183 | RESPONSE: {"Status":"0","Remarks":"SAVE SUCCESSFULLY...","Filler1":"","Filler2":""}
2026-01-28 12:45:41,615 - FATCA UPLOAD Request: Flag=01, Param=EEFPP1456C||Nidhi Patel|01/14/1998|||01|E|1|IN|IN|IN|EEFPP1456C|T||||||||||01||32|||N|02|S||||||||||||N||||||||||||||||||||||||||Y|N||N|127.0.0.1#28-Jan-26;12:45||
2026-01-28 12:45:42,258 - FATCA UPLOAD: EEFPP1456C | RESPONSE: 100|RECORD INSERTED SUCCESSFULLY
2026-01-28 12:51:33,721 - MANDATE REG Request: Flag=06, Param=EEFPP1456C|80000.00|N|42134987213|SB|SBIN0016052||28/01/2026|28/01/2065
2026-01-28 12:51:35,983 - MANDATE REG: 314 | RESPONSE: 100|MANDATE REGISTRATION DONE SUCCESSFULLY|896295
2026-01-28 12:51:36,318 - MANDATE STATUS: 896295 | RESPONSE: {
    'MandateDetails': {
        'MandateDetails': []
    },
    'Message': 'FAILED: ACCESS TOKEN EXPIRED',
    'Status': '101'
}
2026-01-28 12:51:57,943 - API: https://bsestarmfdemo.bseindia.com/StarMFWebService/StarMFWebService.svc/EMandateAuthURL | REQUEST BODY: {'MemberCode': '24637', 'Password': '********', 'ClientCode': 'EEFPP1456C', 'UserId': '2463702', 'MandateID': '896295', 'LoopBackUrl': 'http://127.0.0.1:8000/users/investor/264/'}
2026-01-28 12:52:01,959 - API: https://bsestarmfdemo.bseindia.com/StarMFWebService/StarMFWebService.svc/EMandateAuthURL | RESPONSE: {"Filler":null,"ResponseString":"FAILED: INVALID MANDATE ID","Status":"101"}
2026-01-28 12:52:02,268 - MANDATE STATUS: 896295 | RESPONSE: {
    'MandateDetails': {
        'MandateDetails': []
    },
    'Message': 'FAILED: ACCESS TOKEN EXPIRED',
    'Status': '101'
}
2026-01-28 12:57:14,052 - ORDER Request: {'TransCode': 'NEW', 'TransNo': '0000001769585233203', 'OrderId': '', 'UserID': '2463702', 'MemberId': '24637', 'ClientCode': 'EEFPP8024C', 'SchemeCd': '02', 'BuySell': 'P', 'BuySellType': 'FRESH', 'DPTxn': 'P', 'OrderVal': '10000.00', 'Qty': '0', 'AllRedeem': 'N', 'FolioNo': '', 'Remarks': '', 'KYCStatus': 'Y', 'RefNo': '', 'SubBrCode': '', 'EUIN': 'E123456', 'EUINVal': 'Y', 'MinRedeem': 'N', 'DPC': 'N', 'IPAdd': '', 'Password': 'dm25bEOQ5jHj4BPrvf1j0tIXkE2pqsaKgNLYKHa13o0mL01rFPaSJcH/cW6ATqLQ', 'PassKey': 'HKfgKPLKud', 'Parma1': '', 'Param2': '', 'Param3': '', 'MobileNo': '8347863688', 'EmailID': 'milind.patel1620@gmail.com', 'MandateID': '', 'Filler1': '', 'Filler2': '', 'Filler3': '', 'Filler4': '', 'Filler5': '', 'Filler6': ''}
2026-01-28 12:57:15,100 - ORDER ENTRY: 0000001769585233203 | RESPONSE: NEW|0000001769585233203|16105768|2463702|24637|EEFPP8024C|ORD CONF: Your Request for FRESH PURCHASE 10000.000  in SCHEME: 02 THRO : PHYSICAL is confirmed for CLIENT : Milind Patel (Code: EEFPP8024C)  CONFIRMATION TIME: Jan 28 2026 12:57PM ENTRY BY:  ORDER NO: 16105768|0
2026-01-28 13:00:32,971 - ORDER Request: {'TransCode': 'NEW', 'TransNo': '0000001769585432734', 'OrderId': '', 'UserID': '2463702', 'MemberId': '24637', 'ClientCode': 'EEFPP8024C', 'SchemeCd': '02', 'BuySell': 'P', 'BuySellType': 'FRESH', 'DPTxn': 'P', 'OrderVal': '30000.00', 'Qty': '0', 'AllRedeem': 'N', 'FolioNo': '', 'Remarks': '', 'KYCStatus': 'Y', 'RefNo': '', 'SubBrCode': '', 'EUIN': 'E123456', 'EUINVal': 'Y', 'MinRedeem': 'N', 'DPC': 'N', 'IPAdd': '', 'Password': 'dm25bEOQ5jHj4BPrvf1j0nlsTLLfgW4Iv402iHFSEZcePxQiVGE/N4zQXdzsBYq5', 'PassKey': 'QFU5NzpUQV', 'Parma1': '', 'Param2': '', 'Param3': '', 'MobileNo': '8347863688', 'EmailID': 'milind.patel1620@gmail.com', 'MandateID': '', 'Filler1': '', 'Filler2': '', 'Filler3': '', 'Filler4': '', 'Filler5': '', 'Filler6': ''}
2026-01-28 13:00:33,385 - ORDER ENTRY: 0000001769585432734 | RESPONSE: NEW|0000001769585432734|16105771|2463702|24637|EEFPP8024C|ORD CONF: Your Request for FRESH PURCHASE 30000.000  in SCHEME: 02 THRO : PHYSICAL is confirmed for CLIENT : Milind Patel (Code: EEFPP8024C)  CONFIRMATION TIME: Jan 28 2026  1:00PM ENTRY BY:  ORDER NO: 16105771|0
2026-01-28 13:10:49,524 - SIP ENTRY ERROR: SOAP Error during authentication: HTTPSConnectionPool(host='bsestarmfdemo.bseindia.com', port=443): Read timed out. (read timeout=None)
2026-01-28 13:12:22,538 - SIP ENTRY: 8 | Params: {'TransactionCode': 'NEW', 'UniqueRefNo': '0000001769586142995', 'SchemeCode': '02', 'MemberCode': '24637', 'ClientCode': 'EEFPP8024C', 'UserId': '2463702', 'InternalRefNo': '', 'TransMode': 'P', 'DpTxnMode': 'P', 'StartDate': '28/01/2026', 'FrequencyType': 'MONTHLY', 'FrequencyAllowed': '1', 'InstallmentAmount': '5000.00', 'NoOfInstallment': '120', 'Remarks': '', 'FolioNo': '', 'FirstOrderFlag': 'Y', 'Brokerage': '', 'MandateID': '896163', 'SubberCode': '', 'Euin': 'E123456', 'EuinVal': 'Y', 'DPC': 'Y', 'XsipRegID': '', 'IPAdd': '', 'Password': 'dm25bEOQ5jHj4BPrvf1j0rxPEvMzlrSdfwu9Tkv9mbTUFD4hOj/oV3goVltt0x2m', 'PassKey': 'FdFhy7QCFe', 'Param1': '', 'Param2': '', 'Param3': '', 'Filler1': '', 'Filler2': '', 'Filler3': '', 'Filler4': '', 'Filler5': '', 'Filler6': ''}
2026-01-28 13:12:22,882 - SIP ENTRY: 8 | RESPONSE: NEW|0000001769586142995|24637|EEFPP8024C|2463702|0|FAILED: PAN STATUS NOT VERIFIED WITH ITD|1|0
2026-01-28 13:14:11,591 - SIP ENTRY: 9 | Params: {'TransactionCode': 'NEW', 'UniqueRefNo': '0000001769586251057', 'SchemeCode': '02', 'MemberCode': '24637', 'ClientCode': 'EEFPP8024C', 'UserId': '2463702', 'InternalRefNo': '', 'TransMode': 'P', 'DpTxnMode': 'P', 'StartDate': '28/01/2026', 'FrequencyType': 'MONTHLY', 'FrequencyAllowed': '1', 'InstallmentAmount': '5000.00', 'NoOfInstallment': '120', 'Remarks': '', 'FolioNo': '', 'FirstOrderFlag': 'Y', 'Brokerage': '', 'MandateID': '896163', 'SubberCode': '', 'Euin': 'E123456', 'EuinVal': 'Y', 'DPC': 'Y', 'XsipRegID': '', 'IPAdd': '', 'Password': 'dm25bEOQ5jHj4BPrvf1j0tMCJDsfcF9OJ7btXIiX1WfiU3xZRB6cx/0Bb8hxborx', 'PassKey': 'oKxyXwVk3R', 'Param1': '', 'Param2': '', 'Param3': '', 'Filler1': '', 'Filler2': '', 'Filler3': '', 'Filler4': '', 'Filler5': '', 'Filler6': ''}
2026-01-28 13:14:12,918 - SIP ENTRY: 9 | RESPONSE: NEW|0000001769586251057|24637|EEFPP8024C|2463702|0|FAILED: INVALID START DATE|1|0
2026-01-28 13:16:42,295 - SIP ENTRY: 10 | Params: {'TransactionCode': 'NEW', 'UniqueRefNo': '0000001769586383015', 'SchemeCode': '02', 'MemberCode': '24637', 'ClientCode': 'EEFPP8024C', 'UserId': '2463702', 'InternalRefNo': '', 'TransMode': 'P', 'DpTxnMode': 'P', 'StartDate': '02/02/2026', 'FrequencyType': 'MONTHLY', 'FrequencyAllowed': '1', 'InstallmentAmount': '5000.00', 'NoOfInstallment': '120', 'Remarks': '', 'FolioNo': '', 'FirstOrderFlag': 'Y', 'Brokerage': '', 'MandateID': '896163', 'SubberCode': '', 'Euin': 'E123456', 'EuinVal': 'Y', 'DPC': 'Y', 'XsipRegID': '', 'IPAdd': '', 'Password': 'dm25bEOQ5jHj4BPrvf1j0natYTo3fmL1R3d62U3D8VWJF9LJDa0pe0JeDq952NnU', 'PassKey': 'SPZQ53bTTH', 'Param1': '', 'Param2': '', 'Param3': '', 'Filler1': '', 'Filler2': '', 'Filler3': '', 'Filler4': '', 'Filler5': '', 'Filler6': ''}
2026-01-28 13:16:49,824 - SIP ENTRY: 10 | RESPONSE: NEW|0000001769586383015|24637|EEFPP8024C|2463702|0|FAILED: INVALID START DATE|1|0
2026-01-28 13:22:00,807 - ORDER Request: {'TransCode': 'NEW', 'TransNo': '0000001769586720964', 'OrderId': '', 'UserID': '2463702', 'MemberId': '24637', 'ClientCode': 'EEFPP8024C', 'SchemeCd': '02', 'BuySell': 'R', 'BuySellType': 'FRESH', 'DPTxn': 'P', 'OrderVal': '10000.00', 'Qty': '0', 'AllRedeem': 'N', 'FolioNo': '', 'Remarks': '', 'KYCStatus': 'Y', 'RefNo': '', 'SubBrCode': '', 'EUIN': 'E123456', 'EUINVal': 'Y', 'MinRedeem': 'N', 'DPC': 'N', 'IPAdd': '', 'Password': 'dm25bEOQ5jHj4BPrvf1j0oPNnKOhQFJxNtypyWy50B33CXJ2vvv8oFAAF0IdpgV6', 'PassKey': 'Mjx1rKa0vN', 'Parma1': '', 'Param2': '', 'Param3': '', 'MobileNo': '8347863688', 'EmailID': 'milind.patel1620@gmail.com', 'MandateID': '', 'Filler1': '', 'Filler2': '', 'Filler3': '', 'Filler4': '', 'Filler5': '', 'Filler6': ''}
2026-01-28 13:22:01,561 - ORDER ENTRY: 0000001769586720964 | RESPONSE: NEW|0000001769586720964|0|2463702|24637|EEFPP8024C|FAILED: FOLIO NO. NOT PROVIDED|1
2026-01-28 13:24:18,639 - ORDER Request: {'TransCode': 'NEW', 'TransNo': '0000001769586858705', 'OrderId': '', 'UserID': '2463702', 'MemberId': '24637', 'ClientCode': 'EEFPP8024C', 'SchemeCd': '02', 'BuySell': 'P', 'BuySellType': 'FRESH', 'DPTxn': 'P', 'OrderVal': '10000.00', 'Qty': '0', 'AllRedeem': 'N', 'FolioNo': 12342134, 'Remarks': '', 'KYCStatus': 'Y', 'RefNo': '', 'SubBrCode': '', 'EUIN': 'E123456', 'EUINVal': 'Y', 'MinRedeem': 'N', 'DPC': 'N', 'IPAdd': '', 'Password': 'dm25bEOQ5jHj4BPrvf1j0p4SMvUUGw92qAGQK3B+IVLNxX/fx3TCKnOCAsL25iWh', 'PassKey': 'NAQvpGtq99', 'Parma1': '', 'Param2': '', 'Param3': '', 'MobileNo': '8347863688', 'EmailID': 'milind.patel1620@gmail.com', 'MandateID': '', 'Filler1': '', 'Filler2': '', 'Filler3': '', 'Filler4': '', 'Filler5': '', 'Filler6': ''}
2026-01-28 13:24:20,465 - ORDER ENTRY: 0000001769586858705 | RESPONSE: NEW|0000001769586858705|16105783|2463702|24637|EEFPP8024C|ORD CONF: Your Request for FRESH PURCHASE 10000.000  in SCHEME: 02 THRO : PHYSICAL is confirmed for CLIENT : Milind Patel (Code: EEFPP8024C)  CONFIRMATION TIME: Jan 28 2026  1:24PM ENTRY BY:  ORDER NO: 16105783|0
2026-01-28 13:26:46,039 - ORDER ENTRY ERROR: SOAP Error during authentication: HTTPSConnectionPool(host='bsestarmfdemo.bseindia.com', port=443): Max retries exceeded with url: /MFOrderEntry/MFOrder.svc/Secure (Caused by NewConnectionError("HTTPSConnection(host='bsestarmfdemo.bseindia.com', port=443): Failed to establish a new connection: [Errno 61] Connection refused"))
2026-01-28 13:27:55,651 - ORDER ENTRY ERROR: SOAP Error during authentication: HTTPSConnectionPool(host='bsestarmfdemo.bseindia.com', port=443): Max retries exceeded with url: /MFOrderEntry/MFOrder.svc/Secure (Caused by NewConnectionError("HTTPSConnection(host='bsestarmfdemo.bseindia.com', port=443): Failed to establish a new connection: [Errno 61] Connection refused"))
2026-01-28 13:29:46,788 - ORDER Request: {'TransCode': 'NEW', 'TransNo': '0000001769587185408', 'OrderId': '', 'UserID': '2463702', 'MemberId': '24637', 'ClientCode': 'EEFPP8024C', 'SchemeCd': '02', 'BuySell': 'R', 'BuySellType': 'FRESH', 'DPTxn': 'P', 'OrderVal': '10000.00', 'Qty': '0', 'AllRedeem': 'N', 'FolioNo': 12342134, 'Remarks': '', 'KYCStatus': 'Y', 'RefNo': '', 'SubBrCode': '', 'EUIN': 'E123456', 'EUINVal': 'Y', 'MinRedeem': 'N', 'DPC': 'N', 'IPAdd': '', 'Password': 'dm25bEOQ5jHj4BPrvf1j0hbHC4gMfmZ1MFE7tSva9sJmI9V3QyohBdRllmb938lh', 'PassKey': 'lWMb6N21Zc', 'Parma1': '', 'Param2': '', 'Param3': '', 'MobileNo': '8347863688', 'EmailID': 'milind.patel1620@gmail.com', 'MandateID': '', 'Filler1': '', 'Filler2': '', 'Filler3': '', 'Filler4': '', 'Filler5': '', 'Filler6': ''}
2026-01-28 13:29:48,211 - ORDER ENTRY: 0000001769587185408 | RESPONSE: NEW|0000001769587185408|16105784|2463702|24637|EEFPP8024C|ORD CONF: Your Request for FRESH REDEMPTION 10000.000 AMOUNT in SCHEME: 02 THRO : PHYSICAL is confirmed for CLIENT : Milind Patel (Code: EEFPP8024C)  CONFIRMATION TIME: Jan 28 2026  1:29PM ENTRY BY:  ORDER NO: 16105784|0
